<?xml version="1.0" encoding="UTF-8"?>
<!-- Generated by org.testng.reporters.JUnitXMLReporter -->
<testsuite ignored="2" hostname="NOORIs-MacBook-Pro.local" failures="6" tests="31" name="Test" time="74.164" errors="0" timestamp="2023-12-18T14:16:33 IST">
  <testcase classname="testNGPackage.Assertion1" name="testCase1" time="6.74">
    <failure type="java.lang.NullPointerException" message="Cannot invoke &amp;quot;java.time.temporal.TemporalAmount.addTo(java.time.temporal.Temporal)&amp;quot; because &amp;quot;amountToAdd&amp;quot; is null">
      <![CDATA[java.lang.NullPointerException: Cannot invoke "java.time.temporal.TemporalAmount.addTo(java.time.temporal.Temporal)" because "amountToAdd" is null
at java.base/java.time.Instant.plus(Instant.java:788)
at org.openqa.selenium.support.ui.FluentWait.until(FluentWait.java:199)
at testNGPackage.Assertion1.testCase1(Assertion1.java:46)
at java.base/java.util.ArrayList.forEach(ArrayList.java:1511)
... Removed 27 stack frames]]>
    </failure>
  </testcase> <!-- testCase1 -->
  <testcase classname="testNGPackage.TakeScreenshotFailure2" name="doLogin" time="13.517">
    <failure type="org.openqa.selenium.NoSuchElementException" message="no such element: Unable to locate element: {&amp;quot;method&amp;quot;:&amp;quot;css selector&amp;quot;,&amp;quot;selector&amp;quot;:&amp;quot;#email_wrong&amp;quot;}
  (Session info: chrome=120.0.6099.109)
For documentation on this error, please visit: https://www.selenium.dev/documentation/webdriver/troubleshooting/errors#no-such-element-exception
Build info: version: &amp;apos;4.15.0&amp;apos;, revision: &amp;apos;1d14b5521b&amp;apos;
System info: os.name: &amp;apos;Mac OS X&amp;apos;, os.arch: &amp;apos;x86_64&amp;apos;, os.version: &amp;apos;14.0&amp;apos;, java.version: &amp;apos;17.0.9&amp;apos;
Driver info: org.openqa.selenium.chrome.ChromeDriver
Command: [e61765eca91ec1705a85f0ce39bf7c04, findElement {using=id, value=email_wrong}]
Capabilities {acceptInsecureCerts: false, browserName: chrome, browserVersion: 120.0.6099.109, chrome: {chromedriverVersion: 120.0.6099.71 (9729082fe617..., userDataDir: /var/folders/r0/70shzwlx0cl...}, fedcm:accounts: true, goog:chromeOptions: {debuggerAddress: localhost:57274}, networkConnectionEnabled: false, pageLoadStrategy: normal, platformName: mac, proxy: Proxy(), se:cdp: ws://localhost:57274/devtoo..., se:cdpVersion: 120.0.6099.109, setWindowRect: true, strictFileInteractability: false, timeouts: {implicit: 0, pageLoad: 300000, script: 30000}, unhandledPromptBehavior: dismiss and notify, webauthn:extension:credBlob: true, webauthn:extension:largeBlob: true, webauthn:extension:minPinLength: true, webauthn:extension:prf: true, webauthn:virtualAuthenticators: true}
Session ID: e61765eca91ec1705a85f0ce39bf7c04">
      <![CDATA[org.openqa.selenium.NoSuchElementException: no such element: Unable to locate element: {"method":"css selector","selector":"#email_wrong"}
  (Session info: chrome=120.0.6099.109)
For documentation on this error, please visit: https://www.selenium.dev/documentation/webdriver/troubleshooting/errors#no-such-element-exception
Build info: version: '4.15.0', revision: '1d14b5521b'
System info: os.name: 'Mac OS X', os.arch: 'x86_64', os.version: '14.0', java.version: '17.0.9'
Driver info: org.openqa.selenium.chrome.ChromeDriver
Command: [e61765eca91ec1705a85f0ce39bf7c04, findElement {using=id, value=email_wrong}]
Capabilities {acceptInsecureCerts: false, browserName: chrome, browserVersion: 120.0.6099.109, chrome: {chromedriverVersion: 120.0.6099.71 (9729082fe617..., userDataDir: /var/folders/r0/70shzwlx0cl...}, fedcm:accounts: true, goog:chromeOptions: {debuggerAddress: localhost:57274}, networkConnectionEnabled: false, pageLoadStrategy: normal, platformName: mac, proxy: Proxy(), se:cdp: ws://localhost:57274/devtoo..., se:cdpVersion: 120.0.6099.109, setWindowRect: true, strictFileInteractability: false, timeouts: {implicit: 0, pageLoad: 300000, script: 30000}, unhandledPromptBehavior: dismiss and notify, webauthn:extension:credBlob: true, webauthn:extension:largeBlob: true, webauthn:extension:minPinLength: true, webauthn:extension:prf: true, webauthn:virtualAuthenticators: true}
Session ID: e61765eca91ec1705a85f0ce39bf7c04
at org.openqa.selenium.remote.codec.w3c.W3CHttpResponseCodec.createException(W3CHttpResponseCodec.java:200)
at org.openqa.selenium.remote.codec.w3c.W3CHttpResponseCodec.decode(W3CHttpResponseCodec.java:133)
at org.openqa.selenium.remote.codec.w3c.W3CHttpResponseCodec.decode(W3CHttpResponseCodec.java:52)
at org.openqa.selenium.remote.HttpCommandExecutor.execute(HttpCommandExecutor.java:191)
at org.openqa.selenium.remote.service.DriverCommandExecutor.invokeExecute(DriverCommandExecutor.java:200)
at org.openqa.selenium.remote.service.DriverCommandExecutor.execute(DriverCommandExecutor.java:175)
at org.openqa.selenium.remote.RemoteWebDriver.execute(RemoteWebDriver.java:607)
at org.openqa.selenium.remote.ElementLocation$ElementFinder$2.findElement(ElementLocation.java:165)
at org.openqa.selenium.remote.ElementLocation.findElement(ElementLocation.java:59)
at org.openqa.selenium.remote.RemoteWebDriver.findElement(RemoteWebDriver.java:364)
at org.openqa.selenium.remote.RemoteWebDriver.findElement(RemoteWebDriver.java:358)
at testNGPackage.TakeScreenshotFailure2.doLogin(TakeScreenshotFailure2.java:32)
at java.base/java.util.ArrayList.forEach(ArrayList.java:1511)
... Removed 32 stack frames]]>
    </failure>
  </testcase> <!-- doLogin -->
  <testcase classname="testNGPackage.Assertion2" name="testCase2" time="0.004">
    <failure type="java.lang.AssertionError" message="Actual and Expected are not matching expected [ab] but found [abc]">
      <![CDATA[java.lang.AssertionError: Actual and Expected are not matching expected [ab] but found [abc]
at testNGPackage.Assertion2.testCase2(Assertion2.java:22)
at java.base/java.util.ArrayList.forEach(ArrayList.java:1511)
... Removed 32 stack frames]]>
    </failure>
  </testcase> <!-- testCase2 -->
  <testcase classname="testNGPackage.Assertion2" name="testCase3" time="0.001"/>
  <testcase classname="testNGPackage.Assertion3" name="testCase2" time="0.001">
    <failure type="java.lang.AssertionError" message="expected [ab] but found [abc]">
      <![CDATA[java.lang.AssertionError: expected [ab] but found [abc]
at testNGPackage.Assertion3.testCase2(Assertion3.java:14)
at java.base/java.util.ArrayList.forEach(ArrayList.java:1511)
... Removed 33 stack frames]]>
    </failure>
  </testcase> <!-- testCase2 -->
  <testcase classname="testNGPackage.TestNG1" name="a1" time="0.001"/>
  <testcase classname="testNGPackage.TestNG1" name="a2" time="0.001"/>
  <testcase classname="testNGPackage.TestNG1" name="a3" time="0.001"/>
  <testcase classname="testNGPackage.TestNG1" name="a4" time="0.0"/>
  <testcase classname="testNGPackage.TestNG3" name="a" time="0.001"/>
  <testcase classname="testNGPackage.TestNG3" name="c" time="0.0"/>
  <testcase classname="testNGPackage.TestNG3" name="d" time="0.0"/>
  <testcase classname="testNGPackage.TestNG3" name="b" time="0.0"/>
  <testcase classname="testNGPackage.TestNG2" name="a1" time="0.0"/>
  <testcase classname="testNGPackage.TestNG2" name="a3" time="0.0"/>
  <testcase classname="testNGPackage.TestNG2" name="ab" time="0.001"/>
  <testcase classname="testNGPackage.TestNG2" name="z" time="0.001"/>
  <testcase classname="testNGPackage.TestNG5" name="a" time="0.001"/>
  <testcase classname="testNGPackage.TestNG5" name="c" time="0.0"/>
  <testcase classname="testNGPackage.TestNG5" name="c" time="0.0"/>
  <testcase classname="testNGPackage.TestNG4" name="c" time="0.001"/>
  <testcase classname="testNGPackage.TestNG4" name="d" time="0.0"/>
  <testcase classname="testNGPackage.TestNG4" name="d" time="0.0"/>
  <testcase classname="testNGPackage.TestNG4" name="f" time="0.0">
    <skipped/>
  </testcase> <!-- f -->
  <testcase classname="testNGPackage.TestNG7" name="enterData" time="8.325"/>
  <testcase classname="testNGPackage.TestNG7" name="enterData" time="8.193"/>
  <testcase classname="testNGPackage.TestNG7" name="enterData" time="8.191"/>
  <testcase classname="testNGPackage.TestNG6" name="s" time="0.001">
    <failure type="java.lang.AssertionError" message="expected [true] but found [false]">
      <![CDATA[java.lang.AssertionError: expected [true] but found [false]
at testNGPackage.TestNG6.s(TestNG6.java:18)
at java.base/java.util.ArrayList.forEach(ArrayList.java:1511)
... Removed 31 stack frames]]>
    </failure>
  </testcase> <!-- s -->
  <testcase classname="testNGPackage.TestNG6" name="z" time="0.003">
    <failure type="java.lang.AssertionError" message="expected [true] but found [false]">
      <![CDATA[java.lang.AssertionError: expected [true] but found [false]
at testNGPackage.TestNG6.z(TestNG6.java:11)
at java.base/java.util.ArrayList.forEach(ArrayList.java:1511)
... Removed 31 stack frames]]>
    </failure>
  </testcase> <!-- z -->
  <testcase classname="testNGPackage.TestNG6" name="b" time="0.0">
    <skipped/>
  </testcase> <!-- b -->
  <testcase classname="testNGPackage.TakeScreenshotOnSuccess2" name="doLogin" time="4.36"/>
  <testcase classname="testNGPackage.TestNG4" name="b" time="0.0">
    <ignored/>
  </testcase> <!-- b -->
  <testcase classname="testNGPackage.TestNG5" name="b" time="0.0">
    <ignored/>
  </testcase> <!-- b -->
</testsuite> <!-- Test -->
